Using pre-set license
Built from '2020.3/staging' branch; Version is '2020.3.18f1 (a7d1c678663c) revision 10998214'; Using compiler version '192528614'; Build Type 'Release'
OS: 'Windows 10 Home; OS build 19042.1237; Version 2009; 64bit' Language: 'en' Physical Memory: 32498 MB
BatchMode: 1, IsHumanControllingUs: 0, StartBugReporterOnCrash: 0, Is64bit: 1, IsPro: 0

COMMAND LINE ARGUMENTS:
C:\Program Files\2020.3.18f1\Editor\Unity.exe
-adb2
-batchMode
-noUpm
-name
AssetImportWorker0
-projectPath
D:/Work/Modules/2021-22/3DGD/Repos/GD4_1_Getting_Started/1_Getting_Started
-logFile
Logs/AssetImportWorker0.log
-srvPort
63526
Successfully changed project path to: D:/Work/Modules/2021-22/3DGD/Repos/GD4_1_Getting_Started/1_Getting_Started
D:/Work/Modules/2021-22/3DGD/Repos/GD4_1_Getting_Started/1_Getting_Started
Using Asset Import Pipeline V2.
Refreshing native plugins compatible for Editor in 25.74 ms, found 2 plugins.
Preloading 0 native plugins for Editor in 0.00 ms.
Initialize engine version: 2020.3.18f1 (a7d1c678663c)
[Subsystems] Discovering subsystems at path C:/Program Files/2020.3.18f1/Editor/Data/Resources/UnitySubsystems
[Subsystems] Discovering subsystems at path D:/Work/Modules/2021-22/3DGD/Repos/GD4_1_Getting_Started/1_Getting_Started/Assets
GfxDevice: creating device client; threaded=0
Direct3D:
    Version:  Direct3D 11.0 [level 11.1]
    Renderer: NVIDIA GeForce RTX 3070 Laptop GPU (ID=0x24dd)
    Vendor:   
    VRAM:     8044 MB
    Driver:   27.21.14.6642
Initialize mono
Mono path[0] = 'C:/Program Files/2020.3.18f1/Editor/Data/Managed'
Mono path[1] = 'C:/Program Files/2020.3.18f1/Editor/Data/MonoBleedingEdge/lib/mono/unityjit'
Mono config path = 'C:/Program Files/2020.3.18f1/Editor/Data/MonoBleedingEdge/etc'
Using monoOptions --debugger-agent=transport=dt_socket,embedding=1,server=y,suspend=n,address=127.0.0.1:56216
Begin MonoManager ReloadAssembly
Registering precompiled unity dll's ...
Register platform support module: C:/Program Files/2020.3.18f1/Editor/Data/PlaybackEngines/WindowsStandaloneSupport/UnityEditor.WindowsStandalone.Extensions.dll
Registered in 0.001696 seconds.
Native extension for WindowsStandalone target not found
Refreshing native plugins compatible for Editor in 22.88 ms, found 2 plugins.
Preloading 0 native plugins for Editor in 0.00 ms.
Mono: successfully reloaded assembly
- Completed reload, in  1.369 seconds
Domain Reload Profiling:
	ReloadAssembly (1370ms)
		BeginReloadAssembly (40ms)
			ExecutionOrderSort (0ms)
			DisableScriptedObjects (0ms)
			BackupInstance (0ms)
			ReleaseScriptingObjects (0ms)
			CreateAndSetChildDomain (1ms)
		EndReloadAssembly (330ms)
			LoadAssemblies (39ms)
			RebuildTransferFunctionScriptingTraits (0ms)
			SetupTypeCache (126ms)
			ReleaseScriptCaches (0ms)
			RebuildScriptCaches (24ms)
			SetupLoadedEditorAssemblies (126ms)
				LogAssemblyErrors (0ms)
				InitializePlatformSupportModulesInManaged (3ms)
				SetLoadedEditorAssemblies (0ms)
				RefreshPlugins (23ms)
				BeforeProcessingInitializeOnLoad (8ms)
				ProcessInitializeOnLoadAttributes (66ms)
				ProcessInitializeOnLoadMethodAttributes (25ms)
				AfterProcessingInitializeOnLoad (0ms)
				EditorAssembliesLoaded (0ms)
			ExecutionOrderSort2 (0ms)
			AwakeInstancesAfterBackupRestoration (0ms)
Platform modules already initialized, skipping
Registering precompiled user dll's ...
Registered in 0.001452 seconds.
Begin MonoManager ReloadAssembly
Native extension for WindowsStandalone target not found
Refreshing native plugins compatible for Editor in 0.25 ms, found 2 plugins.
Preloading 0 native plugins for Editor in 0.00 ms.
Mono: successfully reloaded assembly
- Completed reload, in  0.776 seconds
Domain Reload Profiling:
	ReloadAssembly (777ms)
		BeginReloadAssembly (115ms)
			ExecutionOrderSort (0ms)
			DisableScriptedObjects (4ms)
			BackupInstance (0ms)
			ReleaseScriptingObjects (0ms)
			CreateAndSetChildDomain (14ms)
		EndReloadAssembly (614ms)
			LoadAssemblies (62ms)
			RebuildTransferFunctionScriptingTraits (0ms)
			SetupTypeCache (210ms)
			ReleaseScriptCaches (0ms)
			RebuildScriptCaches (33ms)
			SetupLoadedEditorAssemblies (231ms)
				LogAssemblyErrors (0ms)
				InitializePlatformSupportModulesInManaged (4ms)
				SetLoadedEditorAssemblies (0ms)
				RefreshPlugins (0ms)
				BeforeProcessingInitializeOnLoad (42ms)
				ProcessInitializeOnLoadAttributes (174ms)
				ProcessInitializeOnLoadMethodAttributes (4ms)
				AfterProcessingInitializeOnLoad (6ms)
				EditorAssembliesLoaded (0ms)
			ExecutionOrderSort2 (0ms)
			AwakeInstancesAfterBackupRestoration (6ms)
Platform modules already initialized, skipping
========================================================================
Worker process is ready to serve import requests
Launched and connected shader compiler UnityShaderCompiler.exe after 0.05 seconds
Refreshing native plugins compatible for Editor in 0.24 ms, found 2 plugins.
Preloading 0 native plugins for Editor in 0.00 ms.
Unloading 1396 Unused Serialized files (Serialized files now loaded: 0)
System memory in use before: 65.3 MB.
System memory in use after: 65.3 MB.

Unloading 16 unused Assets to reduce memory usage. Loaded Objects now: 1831.
Total: 2.112000 ms (FindLiveObjects: 0.121900 ms CreateObjectMapping: 0.039400 ms MarkObjects: 1.902300 ms  DeleteObjects: 0.047600 ms)

AssetImportParameters requested are different than current active one (requested -> active):
  custom:framework-win-MediaFoundation: 216162199b28c13a410421893ffa2e32 -> 
  custom:video-decoder-ogg-theora: a1e56fd34408186e4bbccfd4996cb3dc -> 
  custom:container-muxer-webm: aa71ff27fc2769a1b78a27578f13a17b -> 
  custom:container-demuxer-webm: 4f35f7cbe854078d1ac9338744f61a02 -> 
  custom:container-demuxer-ogg: 62fdf1f143b41e24485cea50d1cbac27 -> 
  custom:video-encoder-webm-vp8: eb34c28f22e8b96e1ab97ce403110664 -> 
  custom:video-codec-MediaFoundation-h265: 746d11721c4dcdbdad8f713fa42b33f4 -> 
  custom:video-decoder-webm-vp8: 9c59270c3fd7afecdb556c50c9e8de78 -> 
  custom:audio-decoder-ogg-vorbis: bf7c407c2cedff20999df2af8eb42d56 -> 
  custom:audio-encoder-webm-vorbis: bf7c407c2cedff20999df2af8eb42d56 -> 
========================================================================
Received Import Request.
  path: Assets/Scenes/SampleScene.unity
  artifactKey: Guid(9fc0d4010bbf28b4594072e72b8655ab) Importer(815301076,1909f56bfc062723c751e8b465ee728b)
Start importing Assets/Scenes/SampleScene.unity using Guid(9fc0d4010bbf28b4594072e72b8655ab) Importer(815301076,1909f56bfc062723c751e8b465ee728b)  -> (artifact id: '1937fb0715a41a76e47e3cf2ea1fa1db') in 0.014415 seconds 
  Import took 0.016627 seconds .

========================================================================
Received Import Request.
  Time since last request: 4.931536 seconds.
  path: Assets/Scenes/Start Scene.unity
  artifactKey: Guid(9fc0d4010bbf28b4594072e72b8655ab) Importer(815301076,1909f56bfc062723c751e8b465ee728b)
Start importing Assets/Scenes/Start Scene.unity using Guid(9fc0d4010bbf28b4594072e72b8655ab) Importer(815301076,1909f56bfc062723c751e8b465ee728b)  -> (artifact id: 'aaf0fae5684bb5e29220cd8194003c77') in 0.007049 seconds 
  Import took 0.009078 seconds .

========================================================================
Received Import Request.
  Time since last request: 0.001184 seconds.
  path: Assets/Scenes/Start Scene.unity
  artifactKey: Guid(9fc0d4010bbf28b4594072e72b8655ab) Importer(815301076,1909f56bfc062723c751e8b465ee728b)
Start importing Assets/Scenes/Start Scene.unity using Guid(9fc0d4010bbf28b4594072e72b8655ab) Importer(815301076,1909f56bfc062723c751e8b465ee728b)  -> (artifact id: 'aaf0fae5684bb5e29220cd8194003c77') in 0.002323 seconds 
  Import took 0.004320 seconds .

========================================================================
Received Import Request.
  Time since last request: 2.138752 seconds.
  path: Assets/Scenes
  artifactKey: Guid(486fff1ffc102074897e8fc84753098a) Importer(815301076,1909f56bfc062723c751e8b465ee728b)
Start importing Assets/Scenes using Guid(486fff1ffc102074897e8fc84753098a) Importer(815301076,1909f56bfc062723c751e8b465ee728b)  -> (artifact id: '7f4a26ceaf04a87d0a6080b96c341656') in 0.006054 seconds 
  Import took 0.009313 seconds .

========================================================================
Received Import Request.
  Time since last request: 10.110643 seconds.
  path: Assets/Scenes/Next Scene.unity
  artifactKey: Guid(aeb51fa403d35ee4ca57457890d7adf3) Importer(815301076,1909f56bfc062723c751e8b465ee728b)
Start importing Assets/Scenes/Next Scene.unity using Guid(aeb51fa403d35ee4ca57457890d7adf3) Importer(815301076,1909f56bfc062723c751e8b465ee728b)  -> (artifact id: '35b5b6887e4545048eecd933e894085f') in 0.004965 seconds 
  Import took 0.007058 seconds .

========================================================================
Received Import Request.
  Time since last request: 0.000444 seconds.
  path: Assets/Scenes/Next Scene.unity
  artifactKey: Guid(aeb51fa403d35ee4ca57457890d7adf3) Importer(815301076,1909f56bfc062723c751e8b465ee728b)
Start importing Assets/Scenes/Next Scene.unity using Guid(aeb51fa403d35ee4ca57457890d7adf3) Importer(815301076,1909f56bfc062723c751e8b465ee728b)  -> (artifact id: '35b5b6887e4545048eecd933e894085f') in 0.001609 seconds 
  Import took 0.003732 seconds .

========================================================================
Received Import Request.
  Time since last request: 92.755542 seconds.
  path: Assets/Materials
  artifactKey: Guid(7f2e423cb253285458699e4caacc5960) Importer(815301076,1909f56bfc062723c751e8b465ee728b)
Start importing Assets/Materials using Guid(7f2e423cb253285458699e4caacc5960) Importer(815301076,1909f56bfc062723c751e8b465ee728b)  -> (artifact id: '40f23348f649b5c5e8271d09dfb20657') in 0.004976 seconds 
  Import took 0.007148 seconds .

========================================================================
Received Import Request.
  Time since last request: 6.257177 seconds.
  path: Assets/Models
  artifactKey: Guid(ad44be46955eb8b4e97c247dd09ad1db) Importer(815301076,1909f56bfc062723c751e8b465ee728b)
Start importing Assets/Models using Guid(ad44be46955eb8b4e97c247dd09ad1db) Importer(815301076,1909f56bfc062723c751e8b465ee728b)  -> (artifact id: '31373cd0bf1a423dafe3e27d65128404') in 0.007156 seconds 
  Import took 0.009097 seconds .

========================================================================
Received Import Request.
  Time since last request: 6.849738 seconds.
  path: Assets/Scripts
  artifactKey: Guid(b5566b7246d8ea248ab662abfc1e11a5) Importer(815301076,1909f56bfc062723c751e8b465ee728b)
Start importing Assets/Scripts using Guid(b5566b7246d8ea248ab662abfc1e11a5) Importer(815301076,1909f56bfc062723c751e8b465ee728b)  -> (artifact id: '7acc30e43c04ae9861db7f4b4d3172ae') in 0.005367 seconds 
  Import took 0.007398 seconds .

========================================================================
Received Import Request.
  Time since last request: 13.186115 seconds.
  path: Assets/Textures
  artifactKey: Guid(802f32c818880cb4f8c7a214b120a496) Importer(815301076,1909f56bfc062723c751e8b465ee728b)
Start importing Assets/Textures using Guid(802f32c818880cb4f8c7a214b120a496) Importer(815301076,1909f56bfc062723c751e8b465ee728b)  -> (artifact id: '0a0a471cf6075391519e1b660c44b86b') in 0.004608 seconds 
  Import took 0.007199 seconds .

========================================================================
Received Import Request.
  Time since last request: 8.044977 seconds.
  path: Assets/Prefabs
  artifactKey: Guid(b89af226e35b13a4aa112cd7a9e85141) Importer(815301076,1909f56bfc062723c751e8b465ee728b)
Start importing Assets/Prefabs using Guid(b89af226e35b13a4aa112cd7a9e85141) Importer(815301076,1909f56bfc062723c751e8b465ee728b)  -> (artifact id: '3277ce6d949cd74758b5a4a8f0fc08d6') in 0.004800 seconds 
  Import took 0.006634 seconds .

========================================================================
Received Import Request.
  Time since last request: 1416.477537 seconds.
  path: ProjectSettings/TagManager.asset
  artifactKey: Guid(00000000000000003000000000000000) Importer(815301076,1909f56bfc062723c751e8b465ee728b)
Start importing ProjectSettings/TagManager.asset using Guid(00000000000000003000000000000000) Importer(815301076,1909f56bfc062723c751e8b465ee728b)  -> (artifact id: 'ce6a35c3cddc746e7501c0bd0ed6d4ce') in 0.036508 seconds 
  Import took 0.038735 seconds .

AssetImportWorkerClient::OnTransportError - code=2 error=End of file
